c:\users\gusta\documents\cpp-exam\goods-demo\x64\debug\goods-demo.pch
c:\users\gusta\documents\cpp-exam\goods-demo\x64\debug\vc141.pdb
c:\users\gusta\documents\cpp-exam\goods-demo\x64\debug\vc141.idb
c:\users\gusta\documents\cpp-exam\goods-demo\x64\debug\pch.obj
c:\users\gusta\documents\cpp-exam\goods-demo\x64\debug\zdate.obj
c:\users\gusta\documents\cpp-exam\goods-demo\x64\debug\version.obj
c:\users\gusta\documents\cpp-exam\goods-demo\x64\debug\usergroup.obj
c:\users\gusta\documents\cpp-exam\goods-demo\x64\debug\software.obj
c:\users\gusta\documents\cpp-exam\goods-demo\x64\debug\small_set.obj
c:\users\gusta\documents\cpp-exam\goods-demo\x64\debug\setmember.obj
c:\users\gusta\documents\cpp-exam\goods-demo\x64\debug\rootobject.obj
c:\users\gusta\documents\cpp-exam\goods-demo\x64\debug\report.obj
c:\users\gusta\documents\cpp-exam\goods-demo\x64\debug\person.obj
c:\users\gusta\documents\cpp-exam\goods-demo\x64\debug\goods-demo.obj
c:\users\gusta\documents\cpp-exam\goods-demo\x64\debug\engineer.obj
c:\users\gusta\documents\cpp-exam\goods-demo\x64\debug\bugtracking.obj
c:\users\gusta\documents\cpp-exam\goods-demo\x64\debug\bug.obj
c:\users\gusta\documents\cpp-exam\goods-demo\x64\debug\application.obj
c:\users\gusta\documents\cpp-exam\x64\debug\goods-demo.pdb
c:\users\gusta\documents\cpp-exam\goods-demo\x64\debug\goods-demo.tlog\cl.command.1.tlog
c:\users\gusta\documents\cpp-exam\goods-demo\x64\debug\goods-demo.tlog\cl.read.1.tlog
c:\users\gusta\documents\cpp-exam\goods-demo\x64\debug\goods-demo.tlog\cl.write.1.tlog
c:\users\gusta\documents\cpp-exam\goods-demo\x64\debug\goods-demo.tlog\link-cvtres.read.1.tlog
c:\users\gusta\documents\cpp-exam\goods-demo\x64\debug\goods-demo.tlog\link-cvtres.write.1.tlog
c:\users\gusta\documents\cpp-exam\goods-demo\x64\debug\goods-demo.tlog\link-rc.read.1.tlog
c:\users\gusta\documents\cpp-exam\goods-demo\x64\debug\goods-demo.tlog\link-rc.write.1.tlog
c:\users\gusta\documents\cpp-exam\goods-demo\x64\debug\goods-demo.tlog\link.19600-cvtres.read.1.tlog
c:\users\gusta\documents\cpp-exam\goods-demo\x64\debug\goods-demo.tlog\link.19600-cvtres.write.1.tlog
c:\users\gusta\documents\cpp-exam\goods-demo\x64\debug\goods-demo.tlog\link.19600-rc.read.1.tlog
c:\users\gusta\documents\cpp-exam\goods-demo\x64\debug\goods-demo.tlog\link.19600-rc.write.1.tlog
c:\users\gusta\documents\cpp-exam\goods-demo\x64\debug\goods-demo.tlog\link.19600.read.1.tlog
c:\users\gusta\documents\cpp-exam\goods-demo\x64\debug\goods-demo.tlog\link.19600.write.1.tlog
c:\users\gusta\documents\cpp-exam\goods-demo\x64\debug\goods-demo.tlog\link.command.1.tlog
c:\users\gusta\documents\cpp-exam\goods-demo\x64\debug\goods-demo.tlog\link.read.1.tlog
c:\users\gusta\documents\cpp-exam\goods-demo\x64\debug\goods-demo.tlog\link.write.1.tlog
