c:\users\gusta\documents\magaya-goods-doc\orders-system\goods-demo\x64\debug\orders-system.pch
c:\users\gusta\documents\magaya-goods-doc\orders-system\goods-demo\x64\debug\vc141.pdb
c:\users\gusta\documents\magaya-goods-doc\orders-system\goods-demo\x64\debug\vc141.idb
c:\users\gusta\documents\magaya-goods-doc\orders-system\goods-demo\x64\debug\pch.obj
c:\users\gusta\documents\magaya-goods-doc\orders-system\goods-demo\x64\debug\zdate.obj
c:\users\gusta\documents\magaya-goods-doc\orders-system\goods-demo\x64\debug\small_set.obj
c:\users\gusta\documents\magaya-goods-doc\orders-system\goods-demo\x64\debug\setmember.obj
c:\users\gusta\documents\magaya-goods-doc\orders-system\goods-demo\x64\debug\rootobject.obj
c:\users\gusta\documents\magaya-goods-doc\orders-system\goods-demo\x64\debug\product.obj
c:\users\gusta\documents\magaya-goods-doc\orders-system\goods-demo\x64\debug\person.obj
c:\users\gusta\documents\magaya-goods-doc\orders-system\goods-demo\x64\debug\goods-demo.obj
c:\users\gusta\documents\magaya-goods-doc\orders-system\goods-demo\x64\debug\engineer.obj
c:\users\gusta\documents\magaya-goods-doc\orders-system\goods-demo\x64\debug\ordersdb.obj
c:\users\gusta\documents\magaya-goods-doc\orders-system\goods-demo\x64\debug\order.obj
c:\users\gusta\documents\magaya-goods-doc\orders-system\goods-demo\x64\debug\detail.obj
c:\users\gusta\documents\magaya-goods-doc\orders-system\goods-demo\x64\debug\application.obj
c:\users\gusta\documents\magaya-goods-doc\orders-system\goods-demo\x64\debug\address.obj
c:\users\gusta\documents\magaya-goods-doc\orders-system\x64\debug\orders-system.exe
c:\users\gusta\documents\magaya-goods-doc\orders-system\x64\debug\orders-system.ilk
c:\users\gusta\documents\magaya-goods-doc\orders-system\x64\debug\orders-system.pdb
c:\users\gusta\documents\magaya-goods-doc\orders-system\goods-demo\x64\debug\orders-system.tlog\cl.command.1.tlog
c:\users\gusta\documents\magaya-goods-doc\orders-system\goods-demo\x64\debug\orders-system.tlog\cl.read.1.tlog
c:\users\gusta\documents\magaya-goods-doc\orders-system\goods-demo\x64\debug\orders-system.tlog\cl.write.1.tlog
c:\users\gusta\documents\magaya-goods-doc\orders-system\goods-demo\x64\debug\orders-system.tlog\link.command.1.tlog
c:\users\gusta\documents\magaya-goods-doc\orders-system\goods-demo\x64\debug\orders-system.tlog\link.read.1.tlog
c:\users\gusta\documents\magaya-goods-doc\orders-system\goods-demo\x64\debug\orders-system.tlog\link.write.1.tlog
